<?xml version="1.0" encoding="utf-8"?><testsuites name="pytest tests"><testsuite name="pytest" errors="0" failures="0" skipped="0" tests="20" time="1.486" timestamp="2026-08-16T08:56:05.263480+00:00" hostname="agent-env-dbe64bc1-6f8a-421d-aab4-5f30f4a60893"><testcase classname="tests.test_insights_and_new_features" name="test_health_email_configured_false" time="0.222" /><testcase classname="tests.test_roi_api" name="test_health" time="0.231" /><testcase classname="tests.test_insights_and_new_features" name="test_get_insights_seed" time="0.130" /><testcase classname="tests.test_roi_api" name="test_roi_create_valid" time="0.063" /><testcase classname="tests.test_roi_api" name="test_roi_create_invalid[bad0]" time="0.048" /><testcase classname="tests.test_roi_api" name="test_roi_create_invalid[bad1]" time="0.043" /><testcase classname="tests.test_insights_and_new_features" name="test_post_insight_valid" time="0.132" /><testcase classname="tests.test_roi_api" name="test_roi_create_invalid[bad2]" time="0.041" /><testcase classname="tests.test_roi_api" name="test_roi_list" time="0.045" /><testcase classname="tests.test_roi_api" name="test_contact_regression" time="0.043" /><testcase classname="tests.test_insights_and_new_features" name="test_post_insight_invalid[bad0]" time="0.129" /><testcase classname="tests.test_contact_api" name="test_health" time="0.117" /><testcase classname="tests.test_insights_and_new_features" name="test_post_insight_invalid[bad1]" time="0.093" /><testcase classname="tests.test_contact_api" name="test_root" time="0.122" /><testcase classname="tests.test_insights_and_new_features" name="test_post_insight_invalid[bad2]" time="0.102" /><testcase classname="tests.test_contact_api" name="test_post_contact_valid_and_get" time="0.169" /><testcase classname="tests.test_insights_and_new_features" name="test_contact_no_email_still_ok" time="0.095" /><testcase classname="tests.test_insights_and_new_features" name="test_roi_still_ok" time="0.094" /><testcase classname="tests.test_contact_api" name="test_post_contact_invalid" time="0.130" /><testcase classname="tests.test_insights_and_new_features" name="test_og_cover_png" time="0.112" /></testsuite></testsuites>