<?xml version="1.0" encoding="utf-8"?><testsuites name="pytest tests"><testsuite name="pytest" errors="0" failures="0" skipped="0" tests="20" time="1.643" timestamp="2026-08-16T09:40:32.956566+00:00" hostname="agent-env-dbe64bc1-6f8a-421d-aab4-5f30f4a60893"><testcase classname="tests.test_roi_api" name="test_health" time="0.225" /><testcase classname="tests.test_insights_and_new_features" name="test_health_email_configured_false" time="0.226" /><testcase classname="tests.test_roi_api" name="test_roi_create_valid" time="0.045" /><testcase classname="tests.test_insights_and_new_features" name="test_get_insights_seed" time="0.128" /><testcase classname="tests.test_roi_api" name="test_roi_create_invalid[bad0]" time="0.046" /><testcase classname="tests.test_roi_api" name="test_roi_create_invalid[bad1]" time="0.084" /><testcase classname="tests.test_insights_and_new_features" name="test_post_insight_valid" time="0.136" /><testcase classname="tests.test_roi_api" name="test_roi_create_invalid[bad2]" time="0.042" /><testcase classname="tests.test_roi_api" name="test_roi_list" time="0.045" /><testcase classname="tests.test_roi_api" name="test_contact_regression" time="0.044" /><testcase classname="tests.test_insights_and_new_features" name="test_post_insight_invalid[bad0]" time="0.126" /><testcase classname="tests.test_contact_api" name="test_health" time="0.166" /><testcase classname="tests.test_insights_and_new_features" name="test_post_insight_invalid[bad1]" time="0.130" /><testcase classname="tests.test_contact_api" name="test_root" time="0.097" /><testcase classname="tests.test_insights_and_new_features" name="test_post_insight_invalid[bad2]" time="0.148" /><testcase classname="tests.test_contact_api" name="test_post_contact_valid_and_get" time="0.149" /><testcase classname="tests.test_insights_and_new_features" name="test_contact_no_email_still_ok" time="0.100" /><testcase classname="tests.test_contact_api" name="test_post_contact_invalid" time="0.105" /><testcase classname="tests.test_insights_and_new_features" name="test_roi_still_ok" time="0.110" /><testcase classname="tests.test_insights_and_new_features" name="test_og_cover_png" time="0.157" /></testsuite></testsuites>