<?xml version="1.0" encoding="utf-8"?><testsuites name="pytest tests"><testsuite name="pytest" errors="0" failures="0" skipped="0" tests="4" time="1.113" timestamp="2026-08-16T04:18:28.482376+00:00" hostname="agent-env-dbe64bc1-6f8a-421d-aab4-5f30f4a60893"><testcase classname="tests.test_contact_api" name="test_health" time="0.251" /><testcase classname="tests.test_contact_api" name="test_root" time="0.094" /><testcase classname="tests.test_contact_api" name="test_post_contact_valid_and_get" time="0.207" /><testcase classname="tests.test_contact_api" name="test_post_contact_invalid" time="0.177" /></testsuite></testsuites>