<?xml version="1.0" encoding="utf-8"?><testsuites name="pytest tests"><testsuite name="pytest" errors="0" failures="0" skipped="0" tests="7" time="1.003" timestamp="2026-08-16T04:42:06.573127+00:00" hostname="agent-env-dbe64bc1-6f8a-421d-aab4-5f30f4a60893"><testcase classname="tests.test_roi_api" name="test_health" time="0.258" /><testcase classname="tests.test_roi_api" name="test_roi_create_valid" time="0.062" /><testcase classname="tests.test_roi_api" name="test_roi_create_invalid[bad0]" time="0.094" /><testcase classname="tests.test_roi_api" name="test_roi_create_invalid[bad1]" time="0.050" /><testcase classname="tests.test_roi_api" name="test_roi_create_invalid[bad2]" time="0.053" /><testcase classname="tests.test_roi_api" name="test_roi_list" time="0.107" /><testcase classname="tests.test_roi_api" name="test_contact_regression" time="0.051" /></testsuite></testsuites>